Arguments: 
  /Users/robu/.nvm/versions/node/v8.9.4/bin/node /Users/robu/.nvm/versions/node/v8.9.4/bin/yarn global outdated

PATH: 
  /Users/robu/google-cloud-sdk/bin:/Users/robu/.nvm/versions/node/v8.9.4/bin:/usr/local/bin:/usr/local/sbin:/usr/bin:/bin:/usr/sbin:/sbin:/Applications/VMware Fusion.app/Contents/Public:/usr/local/share/dotnet:/Library/Frameworks/Mono.framework/Versions/Current/Commands:/usr/local/munki:/Library/Application Support/pinpoint/bin:/Users/robu/google-cloud-sdk/bin

Yarn version: 
  1.5.1

Node version: 
  8.9.4

Platform: 
  darwin x64

npm manifest: 
  {
    "private": true,
    "dependencies": {
      "handlebars": "^4.0.11",
      "jquery": "^3.3.1"
    }
  }

yarn manifest: 
  No manifest

Lockfile: 
  No lockfile

Trace: 
  Error: Invalid subcommand. Try "add, bin, dir, ls, list, remove, upgrade, upgrade-interactive"
      at new MessageError (/Users/robu/.nvm/versions/node/v8.9.4/lib/node_modules/yarn/lib/cli.js:186:110)
      at Object.<anonymous> (/Users/robu/.nvm/versions/node/v8.9.4/lib/node_modules/yarn/lib/cli.js:30362:59)
      at Generator.next (<anonymous>)
      at step (/Users/robu/.nvm/versions/node/v8.9.4/lib/node_modules/yarn/lib/cli.js:98:30)
      at /Users/robu/.nvm/versions/node/v8.9.4/lib/node_modules/yarn/lib/cli.js:116:14
      at new Promise (<anonymous>)
      at new F (/Users/robu/.nvm/versions/node/v8.9.4/lib/node_modules/yarn/lib/cli.js:23451:28)
      at Object.<anonymous> (/Users/robu/.nvm/versions/node/v8.9.4/lib/node_modules/yarn/lib/cli.js:95:12)
      at Object.run (/Users/robu/.nvm/versions/node/v8.9.4/lib/node_modules/yarn/lib/cli.js:30366:19)
      at run (/Users/robu/.nvm/versions/node/v8.9.4/lib/node_modules/yarn/lib/cli.js:89113:20)
